This file contains any messages produced by compilers while
running configure, to aid debugging if configure makes a mistake.

It was created by gdbm configure 1.23, which was
generated by GNU Autoconf 2.69.  Invocation command line was

  $ ./configure 

## --------- ##
## Platform. ##
## --------- ##

hostname = ubuntu-focal
uname -m = x86_64
uname -r = 5.4.0-131-generic
uname -s = Linux
uname -v = #147-Ubuntu SMP Fri Oct 14 17:07:22 UTC 2022

/usr/bin/uname -p = x86_64
/bin/uname -X     = unknown

/bin/arch              = x86_64
/usr/bin/arch -k       = unknown
/usr/convex/getsysinfo = unknown
/usr/bin/hostinfo      = unknown
/bin/machine           = unknown
/usr/bin/oslevel       = unknown
/bin/universe          = unknown

PATH: /usr/local/sbin
PATH: /usr/local/bin
PATH: /usr/sbin
PATH: /usr/bin
PATH: /sbin
PATH: /bin
PATH: /usr/games
PATH: /usr/local/games
PATH: /snap/bin


## ----------- ##
## Core tests. ##
## ----------- ##

configure:2636: checking for a BSD-compatible install
configure:2704: result: /usr/bin/install -c
configure:2715: checking whether build environment is sane
configure:2770: result: yes
configure:2919: checking for a thread-safe mkdir -p
configure:2958: result: /usr/bin/mkdir -p
configure:2965: checking for gawk
configure:2981: found /usr/bin/gawk
configure:2992: result: gawk
configure:3003: checking whether make sets $(MAKE)
configure:3025: result: yes
configure:3054: checking whether make supports nested variables
configure:3071: result: yes
configure:3210: checking whether make supports nested variables
configure:3227: result: yes
configure:3320: checking for gcc
configure:3336: found /usr/bin/gcc
configure:3347: result: gcc
configure:3576: checking for C compiler version
configure:3585: gcc --version >&5
gcc (Ubuntu 9.4.0-1ubuntu1~20.04.1) 9.4.0
Copyright (C) 2019 Free Software Foundation, Inc.
This is free software; see the source for copying conditions.  There is NO
warranty; not even for MERCHANTABILITY or FITNESS FOR A PARTICULAR PURPOSE.

configure:3596: $? = 0
configure:3585: gcc -v >&5
Using built-in specs.
COLLECT_GCC=gcc
COLLECT_LTO_WRAPPER=/usr/lib/gcc/x86_64-linux-gnu/9/lto-wrapper
OFFLOAD_TARGET_NAMES=nvptx-none:hsa
OFFLOAD_TARGET_DEFAULT=1
Target: x86_64-linux-gnu
Configured with: ../src/configure -v --with-pkgversion='Ubuntu 9.4.0-1ubuntu1~20.04.1' --with-bugurl=file:///usr/share/doc/gcc-9/README.Bugs --enable-languages=c,ada,c++,go,brig,d,fortran,objc,obj-c++,gm2 --prefix=/usr --with-gcc-major-version-only --program-suffix=-9 --program-prefix=x86_64-linux-gnu- --enable-shared --enable-linker-build-id --libexecdir=/usr/lib --without-included-gettext --enable-threads=posix --libdir=/usr/lib --enable-nls --enable-clocale=gnu --enable-libstdcxx-debug --enable-libstdcxx-time=yes --with-default-libstdcxx-abi=new --enable-gnu-unique-object --disable-vtable-verify --enable-plugin --enable-default-pie --with-system-zlib --with-target-system-zlib=auto --enable-objc-gc=auto --enable-multiarch --disable-werror --with-arch-32=i686 --with-abi=m64 --with-multilib-list=m32,m64,mx32 --enable-multilib --with-tune=generic --enable-offload-targets=nvptx-none=/build/gcc-9-Av3uEd/gcc-9-9.4.0/debian/tmp-nvptx/usr,hsa --without-cuda-driver --enable-checking=release --build=x86_64-linux-gnu --host=x86_64-linux-gnu --target=x86_64-linux-gnu
Thread model: posix
gcc version 9.4.0 (Ubuntu 9.4.0-1ubuntu1~20.04.1) 
configure:3596: $? = 0
configure:3585: gcc -V >&5
gcc: error: unrecognized command line option '-V'
gcc: fatal error: no input files
compilation terminated.
configure:3596: $? = 1
configure:3585: gcc -qversion >&5
gcc: error: unrecognized command line option '-qversion'; did you mean '--version'?
gcc: fatal error: no input files
compilation terminated.
configure:3596: $? = 1
configure:3616: checking whether the C compiler works
configure:3638: gcc    conftest.c  >&5
configure:3642: $? = 0
configure:3690: result: yes
configure:3693: checking for C compiler default output file name
configure:3695: result: a.out
configure:3701: checking for suffix of executables
configure:3708: gcc -o conftest    conftest.c  >&5
configure:3712: $? = 0
configure:3734: result: 
configure:3756: checking whether we are cross compiling
configure:3764: gcc -o conftest    conftest.c  >&5
configure:3768: $? = 0
configure:3775: ./conftest
configure:3779: $? = 0
configure:3767: result: no
configure:3772: checking for suffix of object files
configure:3794: gcc -c   conftest.c >&5
configure:3798: $? = 0
configure:3819: result: o
configure:3823: checking whether we are using the GNU C compiler
configure:3842: gcc -c   conftest.c >&5
configure:3842: $? = 0
configure:3851: result: yes
configure:3860: checking whether gcc accepts -g
configure:3880: gcc -c -g  conftest.c >&5
configure:3880: $? = 0
configure:3921: result: yes
configure:3938: checking for gcc option to accept ISO C89
configure:4001: gcc  -c -g -O2  conftest.c >&5
configure:4001: $? = 0
configure:4014: result: none needed
configure:4039: checking whether gcc understands -c and -o together
configure:4061: gcc -c conftest.c -o conftest2.o
configure:4064: $? = 0
configure:4061: gcc -c conftest.c -o conftest2.o
configure:4064: $? = 0
configure:4076: result: yes
configure:4104: checking for style of include used by make
configure:4132: result: GNU
configure:4158: checking dependency style of gcc
configure:4269: result: gcc3
configure:4289: checking how to run the C preprocessor
configure:4320: gcc -E  conftest.c
configure:4320: $? = 0
configure:4334: gcc -E  conftest.c
conftest.c:11:10: fatal error: ac_nonexistent.h: No such file or directory
   11 | #include <ac_nonexistent.h>
      |          ^~~~~~~~~~~~~~~~~~
compilation terminated.
configure:4334: $? = 1
configure: failed program was:
| /* confdefs.h */
| #define PACKAGE_NAME "gdbm"
| #define PACKAGE_TARNAME "gdbm"
| #define PACKAGE_VERSION "1.23"
| #define PACKAGE_STRING "gdbm 1.23"
| #define PACKAGE_BUGREPORT "bug-gdbm@gnu.org"
| #define PACKAGE_URL "http://www.gnu.org/software/gdbm"
| #define PACKAGE "gdbm"
| #define VERSION "1.23"
| /* end confdefs.h.  */
| #include <ac_nonexistent.h>
configure:4359: result: gcc -E
configure:4379: gcc -E  conftest.c
configure:4379: $? = 0
configure:4393: gcc -E  conftest.c
conftest.c:11:10: fatal error: ac_nonexistent.h: No such file or directory
   11 | #include <ac_nonexistent.h>
      |          ^~~~~~~~~~~~~~~~~~
compilation terminated.
configure:4393: $? = 1
configure: failed program was:
| /* confdefs.h */
| #define PACKAGE_NAME "gdbm"
| #define PACKAGE_TARNAME "gdbm"
| #define PACKAGE_VERSION "1.23"
| #define PACKAGE_STRING "gdbm 1.23"
| #define PACKAGE_BUGREPORT "bug-gdbm@gnu.org"
| #define PACKAGE_URL "http://www.gnu.org/software/gdbm"
| #define PACKAGE "gdbm"
| #define VERSION "1.23"
| /* end confdefs.h.  */
| #include <ac_nonexistent.h>
configure:4451: checking build system type
configure:4465: result: x86_64-unknown-linux-gnu
configure:4485: checking host system type
configure:4498: result: x86_64-unknown-linux-gnu
configure:4539: checking how to print strings
configure:4566: result: printf
configure:4587: checking for a sed that does not truncate output
configure:4651: result: /usr/bin/sed
configure:4669: checking for grep that handles long lines and -e
configure:4727: result: /usr/bin/grep
configure:4732: checking for egrep
configure:4794: result: /usr/bin/grep -E
configure:4799: checking for fgrep
configure:4861: result: /usr/bin/grep -F
configure:4896: checking for ld used by gcc
configure:4963: result: /usr/bin/ld
configure:4970: checking if the linker (/usr/bin/ld) is GNU ld
configure:4985: result: yes
configure:4997: checking for BSD- or MS-compatible name lister (nm)
configure:5051: result: /usr/bin/nm -B
configure:5181: checking the name lister (/usr/bin/nm -B) interface
configure:5188: gcc -c -g -O2  conftest.c >&5
configure:5191: /usr/bin/nm -B "conftest.o"
configure:5194: output
0000000000000000 B some_variable
configure:5195: result: BSD nm
configure:5198: checking whether ln -s works
configure:5202: result: yes
configure:5210: checking the maximum length of command line arguments
configure:5341: result: 1572864
configure:5389: checking how to convert x86_64-unknown-linux-gnu file names to x86_64-unknown-linux-gnu format
configure:5429: result: func_convert_file_noop
configure:5436: checking how to convert x86_64-unknown-linux-gnu file names to toolchain format
configure:5456: result: func_convert_file_noop
configure:5463: checking for /usr/bin/ld option to reload object files
configure:5470: result: -r
configure:5544: checking for objdump
configure:5560: found /usr/bin/objdump
configure:5571: result: objdump
configure:5603: checking how to recognize dependent libraries
configure:5803: result: pass_all
configure:5888: checking for dlltool
configure:5918: result: no
configure:5948: checking how to associate runtime and link libraries
configure:5975: result: printf %s\n
configure:6036: checking for ar
configure:6052: found /usr/bin/ar
configure:6063: result: ar
configure:6100: checking for archiver @FILE support
configure:6117: gcc -c -g -O2  conftest.c >&5
configure:6117: $? = 0
configure:6120: ar cru libconftest.a @conftest.lst >&5
ar: `u' modifier ignored since `D' is the default (see `U')
configure:6123: $? = 0
configure:6128: ar cru libconftest.a @conftest.lst >&5
ar: `u' modifier ignored since `D' is the default (see `U')
ar: conftest.o: No such file or directory
configure:6131: $? = 1
configure:6130: result: @
configure:6188: checking for strip
configure:6204: found /usr/bin/strip
configure:6215: result: strip
configure:6287: checking for ranlib
configure:6303: found /usr/bin/ranlib
configure:6314: result: ranlib
configure:6416: checking command to parse /usr/bin/nm -B output from gcc object
configure:6569: gcc -c -g -O2  conftest.c >&5
configure:6572: $? = 0
configure:6576: /usr/bin/nm -B conftest.o \| sed -n -e 's/^.*[ ]\([ABCDGIRSTW][ABCDGIRSTW]*\)[ ][ ]*\([_A-Za-z][_A-Za-z0-9]*\)$/\1 \2 \2/p' | sed '/ __gnu_lto/d' \> conftest.nm
configure:6579: $? = 0
configure:6645: gcc -o conftest -g -O2   conftest.c conftstm.o >&5
configure:6648: $? = 0
configure:6686: result: ok
configure:6733: checking for sysroot
configure:6763: result: no
configure:6770: checking for a working dd
configure:6808: result: /usr/bin/dd
configure:6812: checking how to truncate binary pipes
configure:6827: result: /usr/bin/dd bs=4096 count=1
configure:6963: gcc -c -g -O2  conftest.c >&5
configure:6966: $? = 0
configure:7156: checking for mt
configure:7172: found /usr/bin/mt
configure:7183: result: mt
configure:7206: checking if mt is a manifest tool
configure:7212: mt '-?'
configure:7220: result: no
configure:7893: checking for ANSI C header files
configure:7913: gcc -c -g -O2  conftest.c >&5
configure:7913: $? = 0
configure:7986: gcc -o conftest -g -O2   conftest.c  >&5
configure:7986: $? = 0
configure:7986: ./conftest
configure:7986: $? = 0
configure:7997: result: yes
configure:8010: checking for sys/types.h
configure:8010: gcc -c -g -O2  conftest.c >&5
configure:8010: $? = 0
configure:8010: result: yes
configure:8010: checking for sys/stat.h
configure:8010: gcc -c -g -O2  conftest.c >&5
configure:8010: $? = 0
configure:8010: result: yes
configure:8010: checking for stdlib.h
configure:8010: gcc -c -g -O2  conftest.c >&5
configure:8010: $? = 0
configure:8010: result: yes
configure:8010: checking for string.h
configure:8010: gcc -c -g -O2  conftest.c >&5
configure:8010: $? = 0
configure:8010: result: yes
configure:8010: checking for memory.h
configure:8010: gcc -c -g -O2  conftest.c >&5
configure:8010: $? = 0
configure:8010: result: yes
configure:8010: checking for strings.h
configure:8010: gcc -c -g -O2  conftest.c >&5
configure:8010: $? = 0
configure:8010: result: yes
configure:8010: checking for inttypes.h
configure:8010: gcc -c -g -O2  conftest.c >&5
configure:8010: $? = 0
configure:8010: result: yes
configure:8010: checking for stdint.h
configure:8010: gcc -c -g -O2  conftest.c >&5
configure:8010: $? = 0
configure:8010: result: yes
configure:8010: checking for unistd.h
configure:8010: gcc -c -g -O2  conftest.c >&5
configure:8010: $? = 0
configure:8010: result: yes
configure:8024: checking for dlfcn.h
configure:8024: gcc -c -g -O2  conftest.c >&5
configure:8024: $? = 0
configure:8024: result: yes
configure:8280: checking for objdir
configure:8295: result: .libs
configure:8559: checking if gcc supports -fno-rtti -fno-exceptions
configure:8577: gcc -c -g -O2  -fno-rtti -fno-exceptions conftest.c >&5
cc1: warning: command line option '-fno-rtti' is valid for C++/D/ObjC++ but not for C
configure:8581: $? = 0
configure:8594: result: no
configure:8952: checking for gcc option to produce PIC
configure:8959: result: -fPIC -DPIC
configure:8967: checking if gcc PIC flag -fPIC -DPIC works
configure:8985: gcc -c -g -O2  -fPIC -DPIC -DPIC conftest.c >&5
configure:8989: $? = 0
configure:9002: result: yes
configure:9031: checking if gcc static flag -static works
configure:9059: result: yes
configure:9074: checking if gcc supports -c -o file.o
configure:9095: gcc -c -g -O2  -o out/conftest2.o conftest.c >&5
configure:9099: $? = 0
configure:9121: result: yes
configure:9129: checking if gcc supports -c -o file.o
configure:9176: result: yes
configure:9209: checking whether the gcc linker (/usr/bin/ld -m elf_x86_64) supports shared libraries
configure:10468: result: yes
configure:10505: checking whether -lc should be explicitly linked in
configure:10513: gcc -c -g -O2  conftest.c >&5
configure:10516: $? = 0
configure:10531: gcc -shared  -fPIC -DPIC conftest.o  -v -Wl,-soname -Wl,conftest -o conftest 2\>\&1 \| /usr/bin/grep  -lc  \>/dev/null 2\>\&1
configure:10534: $? = 0
configure:10548: result: no
configure:10708: checking dynamic linker characteristics
configure:11289: gcc -o conftest -g -O2   -Wl,-rpath -Wl,/foo conftest.c  >&5
configure:11289: $? = 0
configure:11526: result: GNU/Linux ld.so
configure:11648: checking how to hardcode library paths into programs
configure:11673: result: immediate
configure:12221: checking whether stripping libraries is possible
configure:12226: result: yes
configure:12261: checking if libtool supports shared libraries
configure:12263: result: yes
configure:12266: checking whether to build shared libraries
configure:12291: result: yes
configure:12294: checking whether to build static libraries
configure:12298: result: yes
configure:9129: checking for bison
configure:9160: result: $(SHELL) $(top_srcdir)/build-aux/missing bison
configure:9170: checking for flex
configure:9201: result: $(SHELL) $(top_srcdir)/build-aux/missing flex
configure:9213: checking for gzip
configure:9231: found /usr/bin/gzip
configure:9243: result: /usr/bin/gzip
configure:9254: checking for base64
configure:9272: found /usr/bin/base64
configure:9284: result: /usr/bin/base64
configure:9300: checking for special C compiler options needed for large files
configure:9345: result: no
configure:9351: checking for _FILE_OFFSET_BITS value needed for large files
configure:9376: gcc -c -g -O2  conftest.c >&5
configure:9376: $? = 0
configure:9408: result: no
configure:9493: checking for an ANSI C-conforming const
configure:9559: gcc -c -g -O2  conftest.c >&5
configure:9559: $? = 0
configure:9566: result: yes
configure:9575: checking for unsigned long long int
configure:9614: gcc -o conftest -g -O2   conftest.c  >&5
configure:9614: $? = 0
configure:9623: result: yes
configure:9639: checking for TLS qualifier
configure:9652: gcc -c -g -O2  conftest.c >&5
configure:9652: $? = 0
configure:9658: result: __thread
configure:9667: checking whether NLS is requested
configure:9676: result: yes
configure:9716: checking for msgfmt
configure:9751: result: no
configure:9757: checking for gmsgfmt
configure:9788: result: :
configure:9838: checking for xgettext
configure:9873: result: no
configure:9915: checking for msgmerge
configure:9949: result: no
configure:10004: checking for ld used by gcc
configure:10071: result: /usr/bin/ld -m elf_x86_64
configure:10078: checking if the linker (/usr/bin/ld -m elf_x86_64) is GNU ld
configure:10093: result: yes
configure:10100: checking for shared library run path origin
configure:10113: result: done
configure:10685: checking for CFPreferencesCopyAppValue
configure:10703: gcc -o conftest -g -O2   conftest.c  -Wl,-framework -Wl,CoreFoundation >&5
conftest.c:25:10: fatal error: CoreFoundation/CFPreferences.h: No such file or directory
   25 | #include <CoreFoundation/CFPreferences.h>
      |          ^~~~~~~~~~~~~~~~~~~~~~~~~~~~~~~~
compilation terminated.
configure:10703: $? = 1
configure: failed program was:
| /* confdefs.h */
| #define PACKAGE_NAME "gdbm"
| #define PACKAGE_TARNAME "gdbm"
| #define PACKAGE_VERSION "1.23"
| #define PACKAGE_STRING "gdbm 1.23"
| #define PACKAGE_BUGREPORT "bug-gdbm@gnu.org"
| #define PACKAGE_URL "http://www.gnu.org/software/gdbm"
| #define PACKAGE "gdbm"
| #define VERSION "1.23"
| #define STDC_HEADERS 1
| #define HAVE_SYS_TYPES_H 1
| #define HAVE_SYS_STAT_H 1
| #define HAVE_STDLIB_H 1
| #define HAVE_STRING_H 1
| #define HAVE_MEMORY_H 1
| #define HAVE_STRINGS_H 1
| #define HAVE_INTTYPES_H 1
| #define HAVE_STDINT_H 1
| #define HAVE_UNISTD_H 1
| #define HAVE_DLFCN_H 1
| #define LT_OBJDIR ".libs/"
| #define HAVE_UNSIGNED_LONG_LONG_INT 1
| #define GDBM_THREAD_LOCAL __thread
| /* end confdefs.h.  */
| #include <CoreFoundation/CFPreferences.h>
| int
| main ()
| {
| CFPreferencesCopyAppValue(NULL, NULL)
|   ;
|   return 0;
| }
configure:10712: result: no
configure:10719: checking for CFLocaleCopyCurrent
configure:10737: gcc -o conftest -g -O2   conftest.c  -Wl,-framework -Wl,CoreFoundation >&5
conftest.c:25:10: fatal error: CoreFoundation/CFLocale.h: No such file or directory
   25 | #include <CoreFoundation/CFLocale.h>
      |          ^~~~~~~~~~~~~~~~~~~~~~~~~~~
compilation terminated.
configure:10737: $? = 1
configure: failed program was:
| /* confdefs.h */
| #define PACKAGE_NAME "gdbm"
| #define PACKAGE_TARNAME "gdbm"
| #define PACKAGE_VERSION "1.23"
| #define PACKAGE_STRING "gdbm 1.23"
| #define PACKAGE_BUGREPORT "bug-gdbm@gnu.org"
| #define PACKAGE_URL "http://www.gnu.org/software/gdbm"
| #define PACKAGE "gdbm"
| #define VERSION "1.23"
| #define STDC_HEADERS 1
| #define HAVE_SYS_TYPES_H 1
| #define HAVE_SYS_STAT_H 1
| #define HAVE_STDLIB_H 1
| #define HAVE_STRING_H 1
| #define HAVE_MEMORY_H 1
| #define HAVE_STRINGS_H 1
| #define HAVE_INTTYPES_H 1
| #define HAVE_STDINT_H 1
| #define HAVE_UNISTD_H 1
| #define HAVE_DLFCN_H 1
| #define LT_OBJDIR ".libs/"
| #define HAVE_UNSIGNED_LONG_LONG_INT 1
| #define GDBM_THREAD_LOCAL __thread
| /* end confdefs.h.  */
| #include <CoreFoundation/CFLocale.h>
| int
| main ()
| {
| CFLocaleCopyCurrent();
|   ;
|   return 0;
| }
configure:10746: result: no
configure:10795: checking for GNU gettext in libc
configure:10824: gcc -o conftest -g -O2   conftest.c  >&5
configure:10824: $? = 0
configure:10833: result: yes
configure:11680: checking whether to use NLS
configure:11682: result: yes
configure:11685: checking where the gettext function comes from
configure:11696: result: libc
configure:11759: checking sys/file.h usability
configure:11759: gcc -c -g -O2  conftest.c >&5
configure:11759: $? = 0
configure:11759: result: yes
configure:11759: checking sys/file.h presence
configure:11759: gcc -E  conftest.c
configure:11759: $? = 0
configure:11759: result: yes
configure:11759: checking for sys/file.h
configure:11759: result: yes
configure:11759: checking for string.h
configure:11759: result: yes
configure:11759: checking locale.h usability
configure:11759: gcc -c -g -O2  conftest.c >&5
configure:11759: $? = 0
configure:11759: result: yes
configure:11759: checking locale.h presence
configure:11759: gcc -E  conftest.c
configure:11759: $? = 0
configure:11759: result: yes
configure:11759: checking for locale.h
configure:11759: result: yes
configure:11759: checking getopt.h usability
configure:11759: gcc -c -g -O2  conftest.c >&5
configure:11759: $? = 0
configure:11759: result: yes
configure:11759: checking getopt.h presence
configure:11759: gcc -E  conftest.c
configure:11759: $? = 0
configure:11759: result: yes
configure:11759: checking for getopt.h
configure:11759: result: yes
configure:11773: checking for ftruncate
configure:11773: gcc -o conftest -g -O2   conftest.c  >&5
configure:11773: $? = 0
configure:11773: result: yes
configure:11773: checking for flock
configure:11773: gcc -o conftest -g -O2   conftest.c  >&5
configure:11773: $? = 0
configure:11773: result: yes
configure:11773: checking for lockf
configure:11773: gcc -o conftest -g -O2   conftest.c  >&5
configure:11773: $? = 0
configure:11773: result: yes
configure:11773: checking for fsync
configure:11773: gcc -o conftest -g -O2   conftest.c  >&5
configure:11773: $? = 0
configure:11773: result: yes
configure:11773: checking for setlocale
configure:11773: gcc -o conftest -g -O2   conftest.c  >&5
configure:11773: $? = 0
configure:11773: result: yes
configure:11773: checking for getopt_long
configure:11773: gcc -o conftest -g -O2   conftest.c  >&5
configure:11773: $? = 0
configure:11773: result: yes
configure:11791: checking for stdlib.h
configure:11791: result: yes
configure:11791: checking for unistd.h
configure:11791: result: yes
configure:11791: checking for sys/param.h
configure:11791: gcc -c -g -O2  conftest.c >&5
configure:11791: $? = 0
configure:11791: result: yes
configure:11811: checking for getpagesize
configure:11811: gcc -o conftest -g -O2   conftest.c  >&5
configure:11811: $? = 0
configure:11811: result: yes
configure:11820: checking for working mmap
configure:11967: gcc -o conftest -g -O2   conftest.c  >&5
configure:11967: $? = 0
configure:11967: ./conftest
configure:11967: $? = 0
configure:11977: result: yes
configure:11988: checking for msync
configure:11988: gcc -o conftest -g -O2   conftest.c  >&5
configure:11988: $? = 0
configure:11988: result: yes
configure:11998: checking for off_t
configure:11998: gcc -c -g -O2  conftest.c >&5
configure:11998: $? = 0
configure:11998: gcc -c -g -O2  conftest.c >&5
conftest.c: In function 'main':
conftest.c:80:20: error: expected expression before ')' token
   80 | if (sizeof ((off_t)))
      |                    ^
configure:11998: $? = 1
configure: failed program was:
| /* confdefs.h */
| #define PACKAGE_NAME "gdbm"
| #define PACKAGE_TARNAME "gdbm"
| #define PACKAGE_VERSION "1.23"
| #define PACKAGE_STRING "gdbm 1.23"
| #define PACKAGE_BUGREPORT "bug-gdbm@gnu.org"
| #define PACKAGE_URL "http://www.gnu.org/software/gdbm"
| #define PACKAGE "gdbm"
| #define VERSION "1.23"
| #define STDC_HEADERS 1
| #define HAVE_SYS_TYPES_H 1
| #define HAVE_SYS_STAT_H 1
| #define HAVE_STDLIB_H 1
| #define HAVE_STRING_H 1
| #define HAVE_MEMORY_H 1
| #define HAVE_STRINGS_H 1
| #define HAVE_INTTYPES_H 1
| #define HAVE_STDINT_H 1
| #define HAVE_UNISTD_H 1
| #define HAVE_DLFCN_H 1
| #define LT_OBJDIR ".libs/"
| #define HAVE_UNSIGNED_LONG_LONG_INT 1
| #define GDBM_THREAD_LOCAL __thread
| #define ENABLE_NLS 1
| #define HAVE_GETTEXT 1
| #define HAVE_DCGETTEXT 1
| #define HAVE_SYS_FILE_H 1
| #define HAVE_STRING_H 1
| #define HAVE_LOCALE_H 1
| #define HAVE_GETOPT_H 1
| #define HAVE_FTRUNCATE 1
| #define HAVE_FLOCK 1
| #define HAVE_LOCKF 1
| #define HAVE_FSYNC 1
| #define HAVE_SETLOCALE 1
| #define HAVE_GETOPT_LONG 1
| #define HAVE_STDLIB_H 1
| #define HAVE_UNISTD_H 1
| #define HAVE_SYS_PARAM_H 1
| #define HAVE_GETPAGESIZE 1
| #define HAVE_MMAP 1
| #define HAVE_MSYNC 1
| /* end confdefs.h.  */
| #include <stdio.h>
| #ifdef HAVE_SYS_TYPES_H
| # include <sys/types.h>
| #endif
| #ifdef HAVE_SYS_STAT_H
| # include <sys/stat.h>
| #endif
| #ifdef STDC_HEADERS
| # include <stdlib.h>
| # include <stddef.h>
| #else
| # ifdef HAVE_STDLIB_H
| #  include <stdlib.h>
| # endif
| #endif
| #ifdef HAVE_STRING_H
| # if !defined STDC_HEADERS && defined HAVE_MEMORY_H
| #  include <memory.h>
| # endif
| # include <string.h>
| #endif
| #ifdef HAVE_STRINGS_H
| # include <strings.h>
| #endif
| #ifdef HAVE_INTTYPES_H
| # include <inttypes.h>
| #endif
| #ifdef HAVE_STDINT_H
| # include <stdint.h>
| #endif
| #ifdef HAVE_UNISTD_H
| # include <unistd.h>
| #endif
| int
| main ()
| {
| if (sizeof ((off_t)))
| 	    return 0;
|   ;
|   return 0;
| }
configure:11998: result: yes
configure:12013: checking size of off_t
configure:12018: gcc -o conftest -g -O2   conftest.c  >&5
configure:12018: $? = 0
configure:12018: ./conftest
configure:12018: $? = 0
configure:12032: result: 8
configure:12042: checking for struct stat.st_blksize
configure:12042: gcc -c -g -O2  conftest.c >&5
configure:12042: $? = 0
configure:12042: result: yes
configure:12053: checking for struct stat.st_mtim
configure:12053: gcc -c -g -O2  conftest.c >&5
conftest.c: In function 'main':
conftest.c:53:5: error: used struct type value where scalar is required
   53 | if (ac_aggr.st_mtim)
      |     ^~~~~~~
configure:12053: $? = 1
configure: failed program was:
| /* confdefs.h */
| #define PACKAGE_NAME "gdbm"
| #define PACKAGE_TARNAME "gdbm"
| #define PACKAGE_VERSION "1.23"
| #define PACKAGE_STRING "gdbm 1.23"
| #define PACKAGE_BUGREPORT "bug-gdbm@gnu.org"
| #define PACKAGE_URL "http://www.gnu.org/software/gdbm"
| #define PACKAGE "gdbm"
| #define VERSION "1.23"
| #define STDC_HEADERS 1
| #define HAVE_SYS_TYPES_H 1
| #define HAVE_SYS_STAT_H 1
| #define HAVE_STDLIB_H 1
| #define HAVE_STRING_H 1
| #define HAVE_MEMORY_H 1
| #define HAVE_STRINGS_H 1
| #define HAVE_INTTYPES_H 1
| #define HAVE_STDINT_H 1
| #define HAVE_UNISTD_H 1
| #define HAVE_DLFCN_H 1
| #define LT_OBJDIR ".libs/"
| #define HAVE_UNSIGNED_LONG_LONG_INT 1
| #define GDBM_THREAD_LOCAL __thread
| #define ENABLE_NLS 1
| #define HAVE_GETTEXT 1
| #define HAVE_DCGETTEXT 1
| #define HAVE_SYS_FILE_H 1
| #define HAVE_STRING_H 1
| #define HAVE_LOCALE_H 1
| #define HAVE_GETOPT_H 1
| #define HAVE_FTRUNCATE 1
| #define HAVE_FLOCK 1
| #define HAVE_LOCKF 1
| #define HAVE_FSYNC 1
| #define HAVE_SETLOCALE 1
| #define HAVE_GETOPT_LONG 1
| #define HAVE_STDLIB_H 1
| #define HAVE_UNISTD_H 1
| #define HAVE_SYS_PARAM_H 1
| #define HAVE_GETPAGESIZE 1
| #define HAVE_MMAP 1
| #define HAVE_MSYNC 1
| #define SIZEOF_OFF_T 8
| #define HAVE_STRUCT_STAT_ST_BLKSIZE 1
| /* end confdefs.h.  */
| #include <sys/types.h>
| 	          #include <sys/stat.h>
| 
| int
| main ()
| {
| static struct stat ac_aggr;
| if (ac_aggr.st_mtim)
| return 0;
|   ;
|   return 0;
| }
configure:12053: gcc -c -g -O2  conftest.c >&5
configure:12053: $? = 0
configure:12053: result: yes
configure:12064: checking for struct stat.st_mtimespec
configure:12064: gcc -c -g -O2  conftest.c >&5
conftest.c: In function 'main':
conftest.c:54:12: error: 'struct stat' has no member named 'st_mtimespec'
   54 | if (ac_aggr.st_mtimespec)
      |            ^
configure:12064: $? = 1
configure: failed program was:
| /* confdefs.h */
| #define PACKAGE_NAME "gdbm"
| #define PACKAGE_TARNAME "gdbm"
| #define PACKAGE_VERSION "1.23"
| #define PACKAGE_STRING "gdbm 1.23"
| #define PACKAGE_BUGREPORT "bug-gdbm@gnu.org"
| #define PACKAGE_URL "http://www.gnu.org/software/gdbm"
| #define PACKAGE "gdbm"
| #define VERSION "1.23"
| #define STDC_HEADERS 1
| #define HAVE_SYS_TYPES_H 1
| #define HAVE_SYS_STAT_H 1
| #define HAVE_STDLIB_H 1
| #define HAVE_STRING_H 1
| #define HAVE_MEMORY_H 1
| #define HAVE_STRINGS_H 1
| #define HAVE_INTTYPES_H 1
| #define HAVE_STDINT_H 1
| #define HAVE_UNISTD_H 1
| #define HAVE_DLFCN_H 1
| #define LT_OBJDIR ".libs/"
| #define HAVE_UNSIGNED_LONG_LONG_INT 1
| #define GDBM_THREAD_LOCAL __thread
| #define ENABLE_NLS 1
| #define HAVE_GETTEXT 1
| #define HAVE_DCGETTEXT 1
| #define HAVE_SYS_FILE_H 1
| #define HAVE_STRING_H 1
| #define HAVE_LOCALE_H 1
| #define HAVE_GETOPT_H 1
| #define HAVE_FTRUNCATE 1
| #define HAVE_FLOCK 1
| #define HAVE_LOCKF 1
| #define HAVE_FSYNC 1
| #define HAVE_SETLOCALE 1
| #define HAVE_GETOPT_LONG 1
| #define HAVE_STDLIB_H 1
| #define HAVE_UNISTD_H 1
| #define HAVE_SYS_PARAM_H 1
| #define HAVE_GETPAGESIZE 1
| #define HAVE_MMAP 1
| #define HAVE_MSYNC 1
| #define SIZEOF_OFF_T 8
| #define HAVE_STRUCT_STAT_ST_BLKSIZE 1
| #define HAVE_STRUCT_STAT_ST_MTIM 1
| /* end confdefs.h.  */
| #include <sys/types.h>
| 	          #include <sys/stat.h>
| 
| int
| main ()
| {
| static struct stat ac_aggr;
| if (ac_aggr.st_mtimespec)
| return 0;
|   ;
|   return 0;
| }
configure:12064: gcc -c -g -O2  conftest.c >&5
conftest.c: In function 'main':
conftest.c:54:19: error: 'struct stat' has no member named 'st_mtimespec'
   54 | if (sizeof ac_aggr.st_mtimespec)
      |                   ^
configure:12064: $? = 1
configure: failed program was:
| /* confdefs.h */
| #define PACKAGE_NAME "gdbm"
| #define PACKAGE_TARNAME "gdbm"
| #define PACKAGE_VERSION "1.23"
| #define PACKAGE_STRING "gdbm 1.23"
| #define PACKAGE_BUGREPORT "bug-gdbm@gnu.org"
| #define PACKAGE_URL "http://www.gnu.org/software/gdbm"
| #define PACKAGE "gdbm"
| #define VERSION "1.23"
| #define STDC_HEADERS 1
| #define HAVE_SYS_TYPES_H 1
| #define HAVE_SYS_STAT_H 1
| #define HAVE_STDLIB_H 1
| #define HAVE_STRING_H 1
| #define HAVE_MEMORY_H 1
| #define HAVE_STRINGS_H 1
| #define HAVE_INTTYPES_H 1
| #define HAVE_STDINT_H 1
| #define HAVE_UNISTD_H 1
| #define HAVE_DLFCN_H 1
| #define LT_OBJDIR ".libs/"
| #define HAVE_UNSIGNED_LONG_LONG_INT 1
| #define GDBM_THREAD_LOCAL __thread
| #define ENABLE_NLS 1
| #define HAVE_GETTEXT 1
| #define HAVE_DCGETTEXT 1
| #define HAVE_SYS_FILE_H 1
| #define HAVE_STRING_H 1
| #define HAVE_LOCALE_H 1
| #define HAVE_GETOPT_H 1
| #define HAVE_FTRUNCATE 1
| #define HAVE_FLOCK 1
| #define HAVE_LOCKF 1
| #define HAVE_FSYNC 1
| #define HAVE_SETLOCALE 1
| #define HAVE_GETOPT_LONG 1
| #define HAVE_STDLIB_H 1
| #define HAVE_UNISTD_H 1
| #define HAVE_SYS_PARAM_H 1
| #define HAVE_GETPAGESIZE 1
| #define HAVE_MMAP 1
| #define HAVE_MSYNC 1
| #define SIZEOF_OFF_T 8
| #define HAVE_STRUCT_STAT_ST_BLKSIZE 1
| #define HAVE_STRUCT_STAT_ST_MTIM 1
| /* end confdefs.h.  */
| #include <sys/types.h>
| 	          #include <sys/stat.h>
| 
| int
| main ()
| {
| static struct stat ac_aggr;
| if (sizeof ac_aggr.st_mtimespec)
| return 0;
|   ;
|   return 0;
| }
configure:12064: result: no
configure:12090: checking for tputs in -lncurses
configure:12115: gcc -o conftest -g -O2   conftest.c -lncurses   >&5
/usr/bin/ld: cannot find -lncurses
collect2: error: ld returned 1 exit status
configure:12115: $? = 1
configure: failed program was:
| /* confdefs.h */
| #define PACKAGE_NAME "gdbm"
| #define PACKAGE_TARNAME "gdbm"
| #define PACKAGE_VERSION "1.23"
| #define PACKAGE_STRING "gdbm 1.23"
| #define PACKAGE_BUGREPORT "bug-gdbm@gnu.org"
| #define PACKAGE_URL "http://www.gnu.org/software/gdbm"
| #define PACKAGE "gdbm"
| #define VERSION "1.23"
| #define STDC_HEADERS 1
| #define HAVE_SYS_TYPES_H 1
| #define HAVE_SYS_STAT_H 1
| #define HAVE_STDLIB_H 1
| #define HAVE_STRING_H 1
| #define HAVE_MEMORY_H 1
| #define HAVE_STRINGS_H 1
| #define HAVE_INTTYPES_H 1
| #define HAVE_STDINT_H 1
| #define HAVE_UNISTD_H 1
| #define HAVE_DLFCN_H 1
| #define LT_OBJDIR ".libs/"
| #define HAVE_UNSIGNED_LONG_LONG_INT 1
| #define GDBM_THREAD_LOCAL __thread
| #define ENABLE_NLS 1
| #define HAVE_GETTEXT 1
| #define HAVE_DCGETTEXT 1
| #define HAVE_SYS_FILE_H 1
| #define HAVE_STRING_H 1
| #define HAVE_LOCALE_H 1
| #define HAVE_GETOPT_H 1
| #define HAVE_FTRUNCATE 1
| #define HAVE_FLOCK 1
| #define HAVE_LOCKF 1
| #define HAVE_FSYNC 1
| #define HAVE_SETLOCALE 1
| #define HAVE_GETOPT_LONG 1
| #define HAVE_STDLIB_H 1
| #define HAVE_UNISTD_H 1
| #define HAVE_SYS_PARAM_H 1
| #define HAVE_GETPAGESIZE 1
| #define HAVE_MMAP 1
| #define HAVE_MSYNC 1
| #define SIZEOF_OFF_T 8
| #define HAVE_STRUCT_STAT_ST_BLKSIZE 1
| #define HAVE_STRUCT_STAT_ST_MTIM 1
| /* end confdefs.h.  */
| 
| /* Override any GCC internal prototype to avoid an error.
|    Use char because int might match the return type of a GCC
|    builtin and then its argument prototype would still apply.  */
| #ifdef __cplusplus
| extern "C"
| #endif
| char tputs ();
| int
| main ()
| {
| return tputs ();
|   ;
|   return 0;
| }
configure:12125: result: no
configure:12090: checking for tputs in -lcurses
configure:12115: gcc -o conftest -g -O2   conftest.c -lcurses   >&5
/usr/bin/ld: cannot find -lcurses
collect2: error: ld returned 1 exit status
configure:12115: $? = 1
configure: failed program was:
| /* confdefs.h */
| #define PACKAGE_NAME "gdbm"
| #define PACKAGE_TARNAME "gdbm"
| #define PACKAGE_VERSION "1.23"
| #define PACKAGE_STRING "gdbm 1.23"
| #define PACKAGE_BUGREPORT "bug-gdbm@gnu.org"
| #define PACKAGE_URL "http://www.gnu.org/software/gdbm"
| #define PACKAGE "gdbm"
| #define VERSION "1.23"
| #define STDC_HEADERS 1
| #define HAVE_SYS_TYPES_H 1
| #define HAVE_SYS_STAT_H 1
| #define HAVE_STDLIB_H 1
| #define HAVE_STRING_H 1
| #define HAVE_MEMORY_H 1
| #define HAVE_STRINGS_H 1
| #define HAVE_INTTYPES_H 1
| #define HAVE_STDINT_H 1
| #define HAVE_UNISTD_H 1
| #define HAVE_DLFCN_H 1
| #define LT_OBJDIR ".libs/"
| #define HAVE_UNSIGNED_LONG_LONG_INT 1
| #define GDBM_THREAD_LOCAL __thread
| #define ENABLE_NLS 1
| #define HAVE_GETTEXT 1
| #define HAVE_DCGETTEXT 1
| #define HAVE_SYS_FILE_H 1
| #define HAVE_STRING_H 1
| #define HAVE_LOCALE_H 1
| #define HAVE_GETOPT_H 1
| #define HAVE_FTRUNCATE 1
| #define HAVE_FLOCK 1
| #define HAVE_LOCKF 1
| #define HAVE_FSYNC 1
| #define HAVE_SETLOCALE 1
| #define HAVE_GETOPT_LONG 1
| #define HAVE_STDLIB_H 1
| #define HAVE_UNISTD_H 1
| #define HAVE_SYS_PARAM_H 1
| #define HAVE_GETPAGESIZE 1
| #define HAVE_MMAP 1
| #define HAVE_MSYNC 1
| #define SIZEOF_OFF_T 8
| #define HAVE_STRUCT_STAT_ST_BLKSIZE 1
| #define HAVE_STRUCT_STAT_ST_MTIM 1
| /* end confdefs.h.  */
| 
| /* Override any GCC internal prototype to avoid an error.
|    Use char because int might match the return type of a GCC
|    builtin and then its argument prototype would still apply.  */
| #ifdef __cplusplus
| extern "C"
| #endif
| char tputs ();
| int
| main ()
| {
| return tputs ();
|   ;
|   return 0;
| }
configure:12125: result: no
configure:12090: checking for tputs in -ltermcap
configure:12115: gcc -o conftest -g -O2   conftest.c -ltermcap   >&5
/usr/bin/ld: cannot find -ltermcap
collect2: error: ld returned 1 exit status
configure:12115: $? = 1
configure: failed program was:
| /* confdefs.h */
| #define PACKAGE_NAME "gdbm"
| #define PACKAGE_TARNAME "gdbm"
| #define PACKAGE_VERSION "1.23"
| #define PACKAGE_STRING "gdbm 1.23"
| #define PACKAGE_BUGREPORT "bug-gdbm@gnu.org"
| #define PACKAGE_URL "http://www.gnu.org/software/gdbm"
| #define PACKAGE "gdbm"
| #define VERSION "1.23"
| #define STDC_HEADERS 1
| #define HAVE_SYS_TYPES_H 1
| #define HAVE_SYS_STAT_H 1
| #define HAVE_STDLIB_H 1
| #define HAVE_STRING_H 1
| #define HAVE_MEMORY_H 1
| #define HAVE_STRINGS_H 1
| #define HAVE_INTTYPES_H 1
| #define HAVE_STDINT_H 1
| #define HAVE_UNISTD_H 1
| #define HAVE_DLFCN_H 1
| #define LT_OBJDIR ".libs/"
| #define HAVE_UNSIGNED_LONG_LONG_INT 1
| #define GDBM_THREAD_LOCAL __thread
| #define ENABLE_NLS 1
| #define HAVE_GETTEXT 1
| #define HAVE_DCGETTEXT 1
| #define HAVE_SYS_FILE_H 1
| #define HAVE_STRING_H 1
| #define HAVE_LOCALE_H 1
| #define HAVE_GETOPT_H 1
| #define HAVE_FTRUNCATE 1
| #define HAVE_FLOCK 1
| #define HAVE_LOCKF 1
| #define HAVE_FSYNC 1
| #define HAVE_SETLOCALE 1
| #define HAVE_GETOPT_LONG 1
| #define HAVE_STDLIB_H 1
| #define HAVE_UNISTD_H 1
| #define HAVE_SYS_PARAM_H 1
| #define HAVE_GETPAGESIZE 1
| #define HAVE_MMAP 1
| #define HAVE_MSYNC 1
| #define SIZEOF_OFF_T 8
| #define HAVE_STRUCT_STAT_ST_BLKSIZE 1
| #define HAVE_STRUCT_STAT_ST_MTIM 1
| /* end confdefs.h.  */
| 
| /* Override any GCC internal prototype to avoid an error.
|    Use char because int might match the return type of a GCC
|    builtin and then its argument prototype would still apply.  */
| #ifdef __cplusplus
| extern "C"
| #endif
| char tputs ();
| int
| main ()
| {
| return tputs ();
|   ;
|   return 0;
| }
configure:12125: result: no
configure:12154: checking for readline in -lreadline
configure:12179: gcc -o conftest -g -O2   conftest.c -lreadline    >&5
/usr/bin/ld: cannot find -lreadline
collect2: error: ld returned 1 exit status
configure:12179: $? = 1
configure: failed program was:
| /* confdefs.h */
| #define PACKAGE_NAME "gdbm"
| #define PACKAGE_TARNAME "gdbm"
| #define PACKAGE_VERSION "1.23"
| #define PACKAGE_STRING "gdbm 1.23"
| #define PACKAGE_BUGREPORT "bug-gdbm@gnu.org"
| #define PACKAGE_URL "http://www.gnu.org/software/gdbm"
| #define PACKAGE "gdbm"
| #define VERSION "1.23"
| #define STDC_HEADERS 1
| #define HAVE_SYS_TYPES_H 1
| #define HAVE_SYS_STAT_H 1
| #define HAVE_STDLIB_H 1
| #define HAVE_STRING_H 1
| #define HAVE_MEMORY_H 1
| #define HAVE_STRINGS_H 1
| #define HAVE_INTTYPES_H 1
| #define HAVE_STDINT_H 1
| #define HAVE_UNISTD_H 1
| #define HAVE_DLFCN_H 1
| #define LT_OBJDIR ".libs/"
| #define HAVE_UNSIGNED_LONG_LONG_INT 1
| #define GDBM_THREAD_LOCAL __thread
| #define ENABLE_NLS 1
| #define HAVE_GETTEXT 1
| #define HAVE_DCGETTEXT 1
| #define HAVE_SYS_FILE_H 1
| #define HAVE_STRING_H 1
| #define HAVE_LOCALE_H 1
| #define HAVE_GETOPT_H 1
| #define HAVE_FTRUNCATE 1
| #define HAVE_FLOCK 1
| #define HAVE_LOCKF 1
| #define HAVE_FSYNC 1
| #define HAVE_SETLOCALE 1
| #define HAVE_GETOPT_LONG 1
| #define HAVE_STDLIB_H 1
| #define HAVE_UNISTD_H 1
| #define HAVE_SYS_PARAM_H 1
| #define HAVE_GETPAGESIZE 1
| #define HAVE_MMAP 1
| #define HAVE_MSYNC 1
| #define SIZEOF_OFF_T 8
| #define HAVE_STRUCT_STAT_ST_BLKSIZE 1
| #define HAVE_STRUCT_STAT_ST_MTIM 1
| /* end confdefs.h.  */
| 
| /* Override any GCC internal prototype to avoid an error.
|    Use char because int might match the return type of a GCC
|    builtin and then its argument prototype would still apply.  */
| #ifdef __cplusplus
| extern "C"
| #endif
| char readline ();
| int
| main ()
| {
| return readline ();
|   ;
|   return 0;
| }
configure:12188: result: no
configure:12256: checking linux/fs.h usability
configure:12256: gcc -c -g -O2  conftest.c >&5
configure:12256: $? = 0
configure:12256: result: yes
configure:12256: checking linux/fs.h presence
configure:12256: gcc -E  conftest.c
configure:12256: $? = 0
configure:12256: result: yes
configure:12256: checking for linux/fs.h
configure:12256: result: yes
configure:12258: checking for FICLONE ioctl support
configure:12273: gcc -c -g -O2  conftest.c >&5
configure:12273: $? = 0
configure:12279: result: yes
configure:12451: checking that generated files are newer than configure
configure:12457: result: done
configure:12496: creating ./config.status

## ---------------------- ##
## Running config.status. ##
## ---------------------- ##

This file was extended by gdbm config.status 1.23, which was
generated by GNU Autoconf 2.69.  Invocation command line was

  CONFIG_FILES    = 
  CONFIG_HEADERS  = 
  CONFIG_LINKS    = 
  CONFIG_COMMANDS = 
  $ ./config.status 

on ubuntu-focal

config.status:1171: creating tests/Makefile
config.status:1171: creating tests/atlocal
config.status:1171: creating po/Makefile.in
config.status:1171: creating tests/gdbmtool/Makefile
config.status:1171: creating Makefile
config.status:1171: creating src/Makefile
config.status:1171: creating src/gdbm.h
config.status:1171: creating tools/Makefile
config.status:1171: creating doc/Makefile
config.status:1171: creating compat/Makefile
config.status:1171: creating autoconf.h
config.status:1352: autoconf.h is unchanged
config.status:1400: executing depfiles commands
config.status:1400: executing libtool commands
config.status:1400: executing po-directories commands
config.status:1400: executing tests/atconfig commands
config.status:1400: executing status commands

## ---------------- ##
## Cache variables. ##
## ---------------- ##

ac_cv_build=x86_64-unknown-linux-gnu
ac_cv_c_compiler_gnu=yes
ac_cv_c_const=yes
ac_cv_env_BASE64_BIN_set=
ac_cv_env_BASE64_BIN_value=
ac_cv_env_CC_set=
ac_cv_env_CC_value=
ac_cv_env_CFLAGS_set=
ac_cv_env_CFLAGS_value=
ac_cv_env_COMPATINCLUDEDIR_set=
ac_cv_env_COMPATINCLUDEDIR_value=
ac_cv_env_CPPFLAGS_set=
ac_cv_env_CPPFLAGS_value=
ac_cv_env_CPP_set=
ac_cv_env_CPP_value=
ac_cv_env_GZIP_BIN_set=
ac_cv_env_GZIP_BIN_value=
ac_cv_env_LDFLAGS_set=
ac_cv_env_LDFLAGS_value=
ac_cv_env_LIBS_set=
ac_cv_env_LIBS_value=
ac_cv_env_LT_SYS_LIBRARY_PATH_set=
ac_cv_env_LT_SYS_LIBRARY_PATH_value=
ac_cv_env_build_alias_set=
ac_cv_env_build_alias_value=
ac_cv_env_host_alias_set=
ac_cv_env_host_alias_value=
ac_cv_env_target_alias_set=
ac_cv_env_target_alias_value=
ac_cv_func_flock=yes
ac_cv_func_fsync=yes
ac_cv_func_ftruncate=yes
ac_cv_func_getopt_long=yes
ac_cv_func_getpagesize=yes
ac_cv_func_lockf=yes
ac_cv_func_mmap_fixed_mapped=yes
ac_cv_func_msync=yes
ac_cv_func_setlocale=yes
ac_cv_header_dlfcn_h=yes
ac_cv_header_getopt_h=yes
ac_cv_header_inttypes_h=yes
ac_cv_header_linux_fs_h=yes
ac_cv_header_locale_h=yes
ac_cv_header_memory_h=yes
ac_cv_header_stdc=yes
ac_cv_header_stdint_h=yes
ac_cv_header_stdlib_h=yes
ac_cv_header_string_h=yes
ac_cv_header_strings_h=yes
ac_cv_header_sys_file_h=yes
ac_cv_header_sys_param_h=yes
ac_cv_header_sys_stat_h=yes
ac_cv_header_sys_types_h=yes
ac_cv_header_unistd_h=yes
ac_cv_host=x86_64-unknown-linux-gnu
ac_cv_lib_curses___tputs=no
ac_cv_lib_ncurses___tputs=no
ac_cv_lib_readline_readline=no
ac_cv_lib_termcap___tputs=no
ac_cv_member_struct_stat_st_blksize=yes
ac_cv_member_struct_stat_st_mtim=yes
ac_cv_member_struct_stat_st_mtimespec=no
ac_cv_objext=o
ac_cv_path_BASE64_BIN=/usr/bin/base64
ac_cv_path_BISON='$(SHELL) $(top_srcdir)/build-aux/missing bison'
ac_cv_path_EGREP='/usr/bin/grep -E'
ac_cv_path_FGREP='/usr/bin/grep -F'
ac_cv_path_FLEX='$(SHELL) $(top_srcdir)/build-aux/missing flex'
ac_cv_path_GMSGFMT=:
ac_cv_path_GREP=/usr/bin/grep
ac_cv_path_GZIP_BIN=/usr/bin/gzip
ac_cv_path_MSGFMT=:
ac_cv_path_MSGMERGE=:
ac_cv_path_SED=/usr/bin/sed
ac_cv_path_XGETTEXT=:
ac_cv_path_install='/usr/bin/install -c'
ac_cv_path_lt_DD=/usr/bin/dd
ac_cv_path_mkdir=/usr/bin/mkdir
ac_cv_prog_AWK=gawk
ac_cv_prog_CPP='gcc -E'
ac_cv_prog_ac_ct_AR=ar
ac_cv_prog_ac_ct_CC=gcc
ac_cv_prog_ac_ct_MANIFEST_TOOL=mt
ac_cv_prog_ac_ct_OBJDUMP=objdump
ac_cv_prog_ac_ct_RANLIB=ranlib
ac_cv_prog_ac_ct_STRIP=strip
ac_cv_prog_cc_c89=
ac_cv_prog_cc_g=yes
ac_cv_prog_make_make_set=yes
ac_cv_sizeof_off_t=8
ac_cv_sys_file_offset_bits=no
ac_cv_sys_largefile_CC=no
ac_cv_type_off_t=yes
ac_cv_type_unsigned_long_long_int=yes
acl_cv_hardcode_direct=no
acl_cv_hardcode_libdir_flag_spec='${wl}-rpath ${wl}$libdir'
acl_cv_hardcode_libdir_separator=
acl_cv_hardcode_minus_L=no
acl_cv_libext=a
acl_cv_libname_spec='lib$name'
acl_cv_library_names_spec='$libname$shrext'
acl_cv_path_LD='/usr/bin/ld -m elf_x86_64'
acl_cv_prog_gnu_ld=yes
acl_cv_rpath=done
acl_cv_shlibext=so
acl_cv_wl=-Wl,
am_cv_CC_dependencies_compiler_type=gcc3
am_cv_make_support_nested_variables=yes
am_cv_prog_cc_c_o=yes
gdbm_cv__thread=__thread
gt_cv_func_CFLocaleCopyCurrent=no
gt_cv_func_CFPreferencesCopyAppValue=no
gt_cv_func_gnugettext2_libc=yes
lt_cv_ar_at_file=@
lt_cv_archive_cmds_need_lc=no
lt_cv_deplibs_check_method=pass_all
lt_cv_file_magic_cmd='$MAGIC_CMD'
lt_cv_file_magic_test_file=
lt_cv_ld_reload_flag=-r
lt_cv_nm_interface='BSD nm'
lt_cv_objdir=.libs
lt_cv_path_LD=/usr/bin/ld
lt_cv_path_NM='/usr/bin/nm -B'
lt_cv_path_mainfest_tool=no
lt_cv_prog_compiler_c_o=yes
lt_cv_prog_compiler_pic='-fPIC -DPIC'
lt_cv_prog_compiler_pic_works=yes
lt_cv_prog_compiler_rtti_exceptions=no
lt_cv_prog_compiler_static_works=yes
lt_cv_prog_gnu_ld=yes
lt_cv_sharedlib_from_linklib_cmd='printf %s\n'
lt_cv_shlibpath_overrides_runpath=yes
lt_cv_sys_global_symbol_pipe='sed -n -e '\''s/^.*[	 ]\([ABCDGIRSTW][ABCDGIRSTW]*\)[	 ][	 ]*\([_A-Za-z][_A-Za-z0-9]*\)$/\1 \2 \2/p'\'' | sed '\''/ __gnu_lto/d'\'''
lt_cv_sys_global_symbol_to_c_name_address='sed -n -e '\''s/^: \(.*\) .*$/  {"\1", (void *) 0},/p'\'' -e '\''s/^[ABCDGIRSTW][ABCDGIRSTW]* .* \(.*\)$/  {"\1", (void *) \&\1},/p'\'''
lt_cv_sys_global_symbol_to_c_name_address_lib_prefix='sed -n -e '\''s/^: \(.*\) .*$/  {"\1", (void *) 0},/p'\'' -e '\''s/^[ABCDGIRSTW][ABCDGIRSTW]* .* \(lib.*\)$/  {"\1", (void *) \&\1},/p'\'' -e '\''s/^[ABCDGIRSTW][ABCDGIRSTW]* .* \(.*\)$/  {"lib\1", (void *) \&\1},/p'\'''
lt_cv_sys_global_symbol_to_cdecl='sed -n -e '\''s/^T .* \(.*\)$/extern int \1();/p'\'' -e '\''s/^[ABCDGIRSTW][ABCDGIRSTW]* .* \(.*\)$/extern char \1;/p'\'''
lt_cv_sys_global_symbol_to_import=
lt_cv_sys_max_cmd_len=1572864
lt_cv_to_host_file_cmd=func_convert_file_noop
lt_cv_to_tool_file_cmd=func_convert_file_noop
lt_cv_truncate_bin='/usr/bin/dd bs=4096 count=1'

## ----------------- ##
## Output variables. ##
## ----------------- ##

ACLOCAL='${SHELL} /vagrant/dyrt_19/dyrt/gdbm-1.23/build-aux/missing aclocal-1.15'
AMDEPBACKSLASH='\'
AMDEP_FALSE='#'
AMDEP_TRUE=''
AMTAR='$${TAR-tar}'
AM_BACKSLASH='\'
AM_DEFAULT_V='$(AM_DEFAULT_VERBOSITY)'
AM_DEFAULT_VERBOSITY='0'
AM_V='$(V)'
AR='ar'
AUTOCONF='${SHELL} /vagrant/dyrt_19/dyrt/gdbm-1.23/build-aux/missing autoconf'
AUTOHEADER='${SHELL} /vagrant/dyrt_19/dyrt/gdbm-1.23/build-aux/missing autoheader'
AUTOM4TE='${SHELL} /vagrant/dyrt_19/dyrt/gdbm-1.23/build-aux/missing autom4te'
AUTOMAKE='${SHELL} /vagrant/dyrt_19/dyrt/gdbm-1.23/build-aux/missing automake-1.15'
AWK='gawk'
BASE64_BIN='/usr/bin/base64'
BISON='$(SHELL) $(top_srcdir)/build-aux/missing bison'
CC='gcc'
CCDEPMODE='depmode=gcc3'
CFLAGS='-g -O2'
COMPATINCLUDEDIR='$(includedir)'
COMPAT_OPT_FALSE=''
COMPAT_OPT_TRUE='#'
COND_GDBMTOOL_DEBUG_FALSE=''
COND_GDBMTOOL_DEBUG_TRUE='#'
CPP='gcc -E'
CPPFLAGS=''
CURSES_LIBS=''
CYGPATH_W='echo'
DEFS='-DHAVE_CONFIG_H'
DEPDIR='.deps'
DLLTOOL='false'
DSYMUTIL=''
DUMPBIN=''
ECHO_C=''
ECHO_N='-n'
ECHO_T=''
EGREP='/usr/bin/grep -E'
EXEEXT=''
FGREP='/usr/bin/grep -F'
FLEX='$(SHELL) $(top_srcdir)/build-aux/missing flex'
GDBM_COND_DEBUG_ENABLE_FALSE=''
GDBM_COND_DEBUG_ENABLE_TRUE='#'
GDBM_COND_READLINE_FALSE=''
GDBM_COND_READLINE_TRUE='#'
GDBM_COUNT_T='unsigned long long int'
GDBM_DEBUG_ENABLE='0'
GDBM_VERSION_MAJOR='1'
GDBM_VERSION_MINOR='23'
GDBM_VERSION_PATCH='0'
GETTEXT_MACRO_VERSION='0.19'
GMSGFMT=':'
GMSGFMT_015=':'
GREP='/usr/bin/grep'
GZIP_BIN='/usr/bin/gzip'
INSTALL_DATA='${INSTALL} -m 644'
INSTALL_PROGRAM='${INSTALL}'
INSTALL_SCRIPT='${INSTALL}'
INSTALL_STRIP_PROGRAM='$(install_sh) -c -s'
INTLLIBS=''
INTL_MACOSX_LIBS=''
LD='/usr/bin/ld -m elf_x86_64'
LDFLAGS=''
LFLAGS_DEBUG=''
LIBICONV='-liconv'
LIBINTL=''
LIBOBJS=''
LIBS=''
LIBTOOL='$(SHELL) $(top_builddir)/libtool'
LIPO=''
LN_S='ln -s'
LTLIBICONV='-liconv'
LTLIBINTL=''
LTLIBOBJS=''
LT_SYS_LIBRARY_PATH=''
MAKEINFO='${SHELL} /vagrant/dyrt_19/dyrt/gdbm-1.23/build-aux/missing makeinfo'
MANIFEST_TOOL=':'
MKDIR_P='/usr/bin/mkdir -p'
MSGFMT=':'
MSGFMT_015=':'
MSGMERGE=':'
NM='/usr/bin/nm -B'
NMEDIT=''
OBJDUMP='objdump'
OBJEXT='o'
OTOOL64=''
OTOOL=''
PACKAGE='gdbm'
PACKAGE_BUGREPORT='bug-gdbm@gnu.org'
PACKAGE_NAME='gdbm'
PACKAGE_STRING='gdbm 1.23'
PACKAGE_TARNAME='gdbm'
PACKAGE_URL='http://www.gnu.org/software/gdbm'
PACKAGE_VERSION='1.23'
PATH_SEPARATOR=':'
POSUB='po'
RANLIB='ranlib'
READLINE_LIBS=''
SED='/usr/bin/sed'
SET_MAKE=''
SHELL='/bin/bash'
STRIP='strip'
USE_NLS='yes'
VERSION='1.23'
XGETTEXT=':'
XGETTEXT_015=':'
XGETTEXT_EXTRA_OPTIONS=''
YFLAGS_DEBUG=''
ac_ct_AR='ar'
ac_ct_CC='gcc'
ac_ct_DUMPBIN=''
am__EXEEXT_FALSE=''
am__EXEEXT_TRUE='#'
am__fastdepCC_FALSE='#'
am__fastdepCC_TRUE=''
am__include='include'
am__isrc=''
am__leading_dot='.'
am__nodep='_no'
am__quote=''
am__tar='$${TAR-tar} chof - "$$tardir"'
am__untar='$${TAR-tar} xf -'
bindir='${exec_prefix}/bin'
build='x86_64-unknown-linux-gnu'
build_alias=''
build_cpu='x86_64'
build_os='linux-gnu'
build_vendor='unknown'
datadir='${datarootdir}'
datarootdir='${prefix}/share'
docdir='${datarootdir}/doc/${PACKAGE_TARNAME}'
dvidir='${docdir}'
exec_prefix='${prefix}'
host='x86_64-unknown-linux-gnu'
host_alias=''
host_cpu='x86_64'
host_os='linux-gnu'
host_vendor='unknown'
htmldir='${docdir}'
includedir='${prefix}/include'
infodir='${datarootdir}/info'
install_sh='${SHELL} /vagrant/dyrt_19/dyrt/gdbm-1.23/build-aux/install-sh'
libdir='${exec_prefix}/lib'
libexecdir='${exec_prefix}/libexec'
localedir='${datarootdir}/locale'
localstatedir='${prefix}/var'
mandir='${datarootdir}/man'
mkdir_p='$(MKDIR_P)'
oldincludedir='/usr/include'
pdfdir='${docdir}'
prefix='/usr/local'
program_transform_name='s,x,x,'
psdir='${docdir}'
sbindir='${exec_prefix}/sbin'
sharedstatedir='${prefix}/com'
sysconfdir='${prefix}/etc'
target_alias=''

## ----------- ##
## confdefs.h. ##
## ----------- ##

/* confdefs.h */
#define PACKAGE_NAME "gdbm"
#define PACKAGE_TARNAME "gdbm"
#define PACKAGE_VERSION "1.23"
#define PACKAGE_STRING "gdbm 1.23"
#define PACKAGE_BUGREPORT "bug-gdbm@gnu.org"
#define PACKAGE_URL "http://www.gnu.org/software/gdbm"
#define PACKAGE "gdbm"
#define VERSION "1.23"
#define STDC_HEADERS 1
#define HAVE_SYS_TYPES_H 1
#define HAVE_SYS_STAT_H 1
#define HAVE_STDLIB_H 1
#define HAVE_STRING_H 1
#define HAVE_MEMORY_H 1
#define HAVE_STRINGS_H 1
#define HAVE_INTTYPES_H 1
#define HAVE_STDINT_H 1
#define HAVE_UNISTD_H 1
#define HAVE_DLFCN_H 1
#define LT_OBJDIR ".libs/"
#define HAVE_UNSIGNED_LONG_LONG_INT 1
#define GDBM_THREAD_LOCAL __thread
#define ENABLE_NLS 1
#define HAVE_GETTEXT 1
#define HAVE_DCGETTEXT 1
#define HAVE_SYS_FILE_H 1
#define HAVE_STRING_H 1
#define HAVE_LOCALE_H 1
#define HAVE_GETOPT_H 1
#define HAVE_FTRUNCATE 1
#define HAVE_FLOCK 1
#define HAVE_LOCKF 1
#define HAVE_FSYNC 1
#define HAVE_SETLOCALE 1
#define HAVE_GETOPT_LONG 1
#define HAVE_STDLIB_H 1
#define HAVE_UNISTD_H 1
#define HAVE_SYS_PARAM_H 1
#define HAVE_GETPAGESIZE 1
#define HAVE_MMAP 1
#define HAVE_MSYNC 1
#define SIZEOF_OFF_T 8
#define HAVE_STRUCT_STAT_ST_BLKSIZE 1
#define HAVE_STRUCT_STAT_ST_MTIM 1
#define GDBM_FAILURE_ATOMIC 1

configure: exit 0
